<?xml version="1.0" encoding="UTF-8"?>
<testsuite name="investor.InvestRepositoryTest" tests="4" skipped="0" failures="0" errors="0" timestamp="2017-11-04T21:29:16" hostname="gemini" time="0.111">
  <properties/>
  <testcase name="testAddInvestor" classname="investor.InvestRepositoryTest" time="0.108"/>
  <testcase name="testDeleteAllInvestors" classname="investor.InvestRepositoryTest" time="0.001"/>
  <testcase name="testgetAllInvestors" classname="investor.InvestRepositoryTest" time="0.001"/>
  <testcase name="testDeleteInvestor" classname="investor.InvestRepositoryTest" time="0.001"/>
  <system-out><![CDATA[]]></system-out>
  <system-err><![CDATA[]]></system-err>
</testsuite>
