<?xml version="1.0" encoding="UTF-8"?>
<testsuite name="investor.InvestRepositoryTest" tests="5" skipped="0" failures="0" errors="0" timestamp="2017-11-05T19:26:30" hostname="gemini" time="0.103">
  <properties/>
  <testcase name="testAddInvestor" classname="investor.InvestRepositoryTest" time="0.096"/>
  <testcase name="testDeleteAllInvestors" classname="investor.InvestRepositoryTest" time="0.003"/>
  <testcase name="testGetAllInvestors" classname="investor.InvestRepositoryTest" time="0.001"/>
  <testcase name="testDeleteInvestor" classname="investor.InvestRepositoryTest" time="0.002"/>
  <testcase name="testGetInvestor" classname="investor.InvestRepositoryTest" time="0.001"/>
  <system-out><![CDATA[]]></system-out>
  <system-err><![CDATA[]]></system-err>
</testsuite>
