<?xml version="1.0" encoding="UTF-8"?>
<testsuite name="investor.InvestorTest" tests="1" skipped="0" failures="0" errors="0" timestamp="2017-11-04T21:29:16" hostname="gemini" time="0.0">
  <properties/>
  <testcase name="addNewInvestor" classname="investor.InvestorTest" time="0.0"/>
  <system-out><![CDATA[]]></system-out>
  <system-err><![CDATA[]]></system-err>
</testsuite>
