<?xml version="1.0" encoding="UTF-8"?>
<testsuite name="investor.InvestorServiceTest" tests="5" skipped="0" failures="0" errors="0" timestamp="2017-11-05T19:26:30" hostname="gemini" time="0.016">
  <properties/>
  <testcase name="testAddInvestor" classname="investor.InvestorServiceTest" time="0.007"/>
  <testcase name="testDeleteAllInvestors" classname="investor.InvestorServiceTest" time="0.002"/>
  <testcase name="testDeleteInvestor" classname="investor.InvestorServiceTest" time="0.002"/>
  <testcase name="testFindAllInvestor" classname="investor.InvestorServiceTest" time="0.002"/>
  <testcase name="testGetInvestor" classname="investor.InvestorServiceTest" time="0.003"/>
  <system-out><![CDATA[]]></system-out>
  <system-err><![CDATA[]]></system-err>
</testsuite>
